9.7822 	WARNING 	We strongly recommend you activate the PTB sound engine in PsychoPy prefs as the preferred audio engine. Its timing is vastly superior. Your prefs are currently set to use ['sounddevice', 'PTB', 'pyo', 'pygame'] (in that order).
21.1870 	WARNING 	User requested fullscreen with size [1024  768], but screen is actually [1366, 768]. Using actual size
23.5576 	EXP 	Created window1 = Window(allowGUI=True, allowStencil=False, autoLog=True, backendConf=UNKNOWN, bitsMode=UNKNOWN, blendMode='avg', bpc=(8, 8, 8), color=array([0, 0, 0]), colorSpace='rgb', depthBits=8, fullscr=<method-wrapper '__getattribute__' of attributeSetter object at 0x0000018501B3CFD0>, gamma=None, gammaErrorPolicy='raise', lms=UNKNOWN, monitor=<psychopy.monitors.calibTools.Monitor object at 0x0000018502ADE490>, multiSample=False, name='window1', numSamples=2, pos=(0, 0), screen=0, size=array([1366,  768]), stencilBits=0, stereo=False, units='height', useFBO=True, useRetina=False, viewOri=0.0, viewPos=None, viewScale=None, waitBlanking=True, winType='pyglet')
23.5577 	EXP 	window1: mouseVisible = True
23.5579 	EXP 	window1: mouseVisible = False
23.5579 	EXP 	window1: Attempting to measure frame rate of screen (0) ...
23.5579 	EXP 	window1: recordFrameIntervals = False
23.7235 	EXP 	window1: recordFrameIntervals = True
23.9067 	EXP 	Screen (0) actual frame rate measured at 60.04Hz
23.9067 	EXP 	window1: recordFrameIntervals = False
27.4746 	EXP 	Created fixation = ShapeStim(__class__=<class 'psychopy.visual.shape.ShapeStim'>, anchor=('center', 'center'), autoDraw=False, autoLog=True, closeShape=True, color=method-wrapper(...), colorSpace='rgb', contrast=None, depth=-1.0, fillColor=array([1, 1, 1]), fillColorSpace='rgb', fillRGB=array([1, 1, 1]), interpolate=True, lineColor=array([1, 1, 1]), lineColorSpace='rgb', lineRGB=array([1, 1, 1]), lineWidth=1.0, name='fixation', opacity=1.0, ori=0.0, pos=array([0., 0.]), size=array([10., 10.]), units='pix', vertices=ndarray(...), win=Window(...), windingRule=None)
27.5013 	EXP 	Created grating = GratingStim(__class__=<class 'psychopy.visual.grating.GratingStim'>, anchor='center', autoDraw=False, autoLog=True, blendmode='avg', color=array([1, 1, 1]), colorSpace='rgb', contrast=1.0, depth=-2.0, interpolate=True, mask='circle', maskParams=None, name='grating', opacity=1.0, ori=0.0, phase=array([0., 0.]), pos=array([0., 0.]), rgbPedestal=array([0., 0., 0.]), sf=array([5., 5.]), size=array([0.1, 0.1]), tex='sin', texRes=128.0, units='height', win=Window(...))
27.5132 	EXP 	Imported C:/Users/Neha N Shah/Desktop/conditions.xlsx as conditions, 1 conditions, 5 params
28.3805 	EXP 	window1: recordFrameIntervals = False
28.3833 	EXP 	window1: recordFrameIntervals = False
29.3791 	EXP 	fixation: autoDraw = True
29.5483 	EXP 	grating: autoDraw = True
29.5483 	EXP 	grating: tex = 'sin'
29.8505 	EXP 	grating: autoDraw = False
30.1692 	EXP 	window1: recordFrameIntervals = False
30.1723 	DATA 	Keypress: right
30.1837 	EXP 	fixation: autoDraw = False
30.1837 	EXP 	grating: autoDraw = False
30.1839 	EXP 	window1: recordFrameIntervals = False
31.1588 	EXP 	fixation: autoDraw = True
32.1650 	EXP 	fixation: autoDraw = False
32.1818 	EXP 	grating: autoDraw = True
32.1818 	EXP 	grating: tex = 'sin'
32.4814 	EXP 	grating: autoDraw = False
32.6499 	EXP 	window1: recordFrameIntervals = False
32.6510 	DATA 	Keypress: left
32.6644 	EXP 	fixation: autoDraw = False
32.6644 	EXP 	grating: autoDraw = False
32.6646 	EXP 	window1: recordFrameIntervals = False
33.6392 	EXP 	fixation: autoDraw = True
34.6460 	EXP 	fixation: autoDraw = False
34.6628 	EXP 	grating: autoDraw = True
34.6628 	EXP 	grating: tex = 'sin'
34.9623 	EXP 	grating: autoDraw = False
35.0142 	EXP 	window1: recordFrameIntervals = False
35.0153 	DATA 	Keypress: right
35.0288 	EXP 	fixation: autoDraw = False
35.0288 	EXP 	grating: autoDraw = False
35.0290 	EXP 	window1: recordFrameIntervals = False
36.0041 	EXP 	fixation: autoDraw = True
37.0102 	EXP 	fixation: autoDraw = False
37.0270 	EXP 	grating: autoDraw = True
37.0270 	EXP 	grating: tex = 'sin'
37.3267 	EXP 	grating: autoDraw = False
37.5286 	EXP 	window1: recordFrameIntervals = False
37.5297 	DATA 	Keypress: right
37.5431 	EXP 	fixation: autoDraw = False
37.5431 	EXP 	grating: autoDraw = False
37.5433 	EXP 	window1: recordFrameIntervals = False
38.5183 	EXP 	fixation: autoDraw = True
39.5244 	EXP 	fixation: autoDraw = False
39.5412 	EXP 	grating: autoDraw = True
39.5412 	EXP 	grating: tex = 'sin'
39.8409 	EXP 	grating: autoDraw = False
39.9763 	EXP 	window1: recordFrameIntervals = False
39.9773 	DATA 	Keypress: left
39.9906 	EXP 	fixation: autoDraw = False
39.9906 	EXP 	grating: autoDraw = False
39.9908 	EXP 	window1: recordFrameIntervals = False
40.9664 	EXP 	fixation: autoDraw = True
41.9720 	EXP 	fixation: autoDraw = False
41.9889 	EXP 	grating: autoDraw = True
41.9889 	EXP 	grating: tex = 'sin'
42.2885 	EXP 	grating: autoDraw = False
42.3238 	EXP 	window1: recordFrameIntervals = False
42.3249 	DATA 	Keypress: right
42.3385 	EXP 	fixation: autoDraw = False
42.3385 	EXP 	grating: autoDraw = False
42.3387 	EXP 	window1: recordFrameIntervals = False
43.3165 	EXP 	fixation: autoDraw = True
44.3197 	EXP 	fixation: autoDraw = False
44.3366 	EXP 	grating: autoDraw = True
44.3366 	EXP 	grating: tex = 'sin'
44.6360 	EXP 	grating: autoDraw = False
44.6881 	EXP 	window1: recordFrameIntervals = False
44.6892 	DATA 	Keypress: left
44.7028 	EXP 	fixation: autoDraw = False
44.7028 	EXP 	grating: autoDraw = False
44.7030 	EXP 	window1: recordFrameIntervals = False
45.6777 	EXP 	fixation: autoDraw = True
46.6842 	EXP 	fixation: autoDraw = False
46.7008 	EXP 	grating: autoDraw = True
46.7008 	EXP 	grating: tex = 'sin'
47.0008 	EXP 	grating: autoDraw = False
47.1358 	EXP 	window1: recordFrameIntervals = False
47.1369 	DATA 	Keypress: left
47.1502 	EXP 	fixation: autoDraw = False
47.1502 	EXP 	grating: autoDraw = False
47.1504 	EXP 	window1: recordFrameIntervals = False
48.1253 	EXP 	fixation: autoDraw = True
49.1318 	EXP 	fixation: autoDraw = False
49.1486 	EXP 	grating: autoDraw = True
49.1486 	EXP 	grating: tex = 'sin'
49.4481 	EXP 	grating: autoDraw = False
49.5336 	EXP 	window1: recordFrameIntervals = False
49.5347 	DATA 	Keypress: left
49.5481 	EXP 	fixation: autoDraw = False
49.5481 	EXP 	grating: autoDraw = False
49.5483 	EXP 	window1: recordFrameIntervals = False
50.5233 	EXP 	fixation: autoDraw = True
51.5297 	EXP 	fixation: autoDraw = False
51.5461 	EXP 	grating: autoDraw = True
51.5461 	EXP 	grating: tex = 'sin'
51.8457 	EXP 	grating: autoDraw = False
51.9144 	EXP 	window1: recordFrameIntervals = False
51.9155 	DATA 	Keypress: left
51.9289 	EXP 	fixation: autoDraw = False
51.9289 	EXP 	grating: autoDraw = False
51.9291 	EXP 	window1: recordFrameIntervals = False
52.9039 	EXP 	fixation: autoDraw = True
53.9103 	EXP 	fixation: autoDraw = False
53.9271 	EXP 	grating: autoDraw = True
53.9271 	EXP 	grating: tex = 'sin'
54.2268 	EXP 	grating: autoDraw = False
54.2456 	EXP 	window1: recordFrameIntervals = False
54.2467 	DATA 	Keypress: left
54.2599 	EXP 	fixation: autoDraw = False
54.2599 	EXP 	grating: autoDraw = False
54.2601 	EXP 	window1: recordFrameIntervals = False
55.2342 	EXP 	fixation: autoDraw = True
56.2413 	EXP 	fixation: autoDraw = False
56.2581 	EXP 	grating: autoDraw = True
56.2581 	EXP 	grating: tex = 'sin'
56.5577 	EXP 	grating: autoDraw = False
56.6433 	EXP 	window1: recordFrameIntervals = False
56.6443 	DATA 	Keypress: left
56.6577 	EXP 	fixation: autoDraw = False
56.6577 	EXP 	grating: autoDraw = False
56.6579 	EXP 	window1: recordFrameIntervals = False
57.6327 	EXP 	fixation: autoDraw = True
58.6390 	EXP 	fixation: autoDraw = False
58.6558 	EXP 	grating: autoDraw = True
58.6558 	EXP 	grating: tex = 'sin'
58.9555 	EXP 	grating: autoDraw = False
59.0073 	EXP 	window1: recordFrameIntervals = False
59.0084 	DATA 	Keypress: left
59.0221 	EXP 	fixation: autoDraw = False
59.0221 	EXP 	grating: autoDraw = False
59.0223 	EXP 	window1: recordFrameIntervals = False
59.9962 	EXP 	fixation: autoDraw = True
61.0033 	EXP 	fixation: autoDraw = False
61.0203 	EXP 	grating: autoDraw = True
61.0203 	EXP 	grating: tex = 'sin'
61.3197 	EXP 	grating: autoDraw = False
61.4384 	EXP 	window1: recordFrameIntervals = False
61.4394 	DATA 	Keypress: right
61.4530 	EXP 	fixation: autoDraw = False
61.4530 	EXP 	grating: autoDraw = False
61.4532 	EXP 	window1: recordFrameIntervals = False
62.4276 	EXP 	fixation: autoDraw = True
63.4342 	EXP 	fixation: autoDraw = False
63.4511 	EXP 	grating: autoDraw = True
63.4511 	EXP 	grating: tex = 'sin'
63.7508 	EXP 	grating: autoDraw = False
63.7860 	EXP 	window1: recordFrameIntervals = False
63.7870 	DATA 	Keypress: left
63.8006 	EXP 	fixation: autoDraw = False
63.8006 	EXP 	grating: autoDraw = False
63.8009 	EXP 	window1: recordFrameIntervals = False
64.7782 	EXP 	fixation: autoDraw = True
65.7820 	EXP 	fixation: autoDraw = False
65.7988 	EXP 	grating: autoDraw = True
65.7988 	EXP 	grating: tex = 'sin'
66.0672 	EXP 	window1: recordFrameIntervals = False
66.0683 	DATA 	Keypress: right
66.0818 	EXP 	fixation: autoDraw = False
66.0818 	EXP 	grating: autoDraw = False
66.0820 	EXP 	window1: recordFrameIntervals = False
67.0570 	EXP 	fixation: autoDraw = True
68.0632 	EXP 	fixation: autoDraw = False
68.0799 	EXP 	grating: autoDraw = True
68.0799 	EXP 	grating: tex = 'sin'
68.3798 	EXP 	grating: autoDraw = False
68.5483 	EXP 	window1: recordFrameIntervals = False
68.5493 	DATA 	Keypress: right
68.5626 	EXP 	fixation: autoDraw = False
68.5626 	EXP 	grating: autoDraw = False
68.5628 	EXP 	window1: recordFrameIntervals = False
69.5380 	EXP 	fixation: autoDraw = True
70.5440 	EXP 	fixation: autoDraw = False
70.5609 	EXP 	grating: autoDraw = True
70.5609 	EXP 	grating: tex = 'sin'
70.8605 	EXP 	grating: autoDraw = False
71.0289 	EXP 	window1: recordFrameIntervals = False
71.0299 	DATA 	Keypress: right
71.0435 	EXP 	fixation: autoDraw = False
71.0435 	EXP 	grating: autoDraw = False
71.0437 	EXP 	window1: recordFrameIntervals = False
72.0191 	EXP 	fixation: autoDraw = True
73.0252 	EXP 	fixation: autoDraw = False
73.0417 	EXP 	grating: autoDraw = True
73.0417 	EXP 	grating: tex = 'sin'
73.3413 	EXP 	grating: autoDraw = False
73.4766 	EXP 	window1: recordFrameIntervals = False
73.4776 	DATA 	Keypress: right
73.4911 	EXP 	fixation: autoDraw = False
73.4911 	EXP 	grating: autoDraw = False
73.4913 	EXP 	window1: recordFrameIntervals = False
74.4653 	EXP 	fixation: autoDraw = True
75.4726 	EXP 	fixation: autoDraw = False
75.4894 	EXP 	grating: autoDraw = True
75.4894 	EXP 	grating: tex = 'sin'
75.7889 	EXP 	grating: autoDraw = False
75.8576 	EXP 	window1: recordFrameIntervals = False
75.8586 	DATA 	Keypress: right
75.8721 	EXP 	fixation: autoDraw = False
75.8721 	EXP 	grating: autoDraw = False
75.8723 	EXP 	window1: recordFrameIntervals = False
76.8470 	EXP 	fixation: autoDraw = True
77.8535 	EXP 	fixation: autoDraw = False
77.8703 	EXP 	grating: autoDraw = True
77.8703 	EXP 	grating: tex = 'sin'
78.1698 	EXP 	grating: autoDraw = False
78.1885 	EXP 	window1: recordFrameIntervals = False
78.1895 	DATA 	Keypress: right
78.2031 	EXP 	fixation: autoDraw = False
78.2031 	EXP 	grating: autoDraw = False
78.2033 	EXP 	window1: recordFrameIntervals = False
79.1781 	EXP 	fixation: autoDraw = True
80.1845 	EXP 	fixation: autoDraw = False
80.2015 	EXP 	grating: autoDraw = True
80.2015 	EXP 	grating: tex = 'sin'
80.4863 	EXP 	window1: recordFrameIntervals = False
80.4873 	DATA 	Keypress: right
80.5009 	EXP 	grating: autoDraw = False
80.5009 	EXP 	fixation: autoDraw = False
80.5009 	EXP 	grating: autoDraw = False
80.5011 	EXP 	window1: recordFrameIntervals = False
81.4761 	EXP 	fixation: autoDraw = True
82.4825 	EXP 	fixation: autoDraw = False
82.4991 	EXP 	grating: autoDraw = True
82.4991 	EXP 	grating: tex = 'sin'
82.7674 	EXP 	window1: recordFrameIntervals = False
82.7684 	DATA 	Keypress: right
82.7820 	EXP 	fixation: autoDraw = False
82.7820 	EXP 	grating: autoDraw = False
82.7822 	EXP 	window1: recordFrameIntervals = False
83.7577 	EXP 	fixation: autoDraw = True
84.7636 	EXP 	fixation: autoDraw = False
84.7803 	EXP 	grating: autoDraw = True
84.7803 	EXP 	grating: tex = 'sin'
85.0797 	EXP 	grating: autoDraw = False
85.0819 	EXP 	window1: recordFrameIntervals = False
85.0829 	DATA 	Keypress: right
85.0964 	EXP 	fixation: autoDraw = False
85.0964 	EXP 	grating: autoDraw = False
85.0966 	EXP 	window1: recordFrameIntervals = False
86.0716 	EXP 	fixation: autoDraw = True
87.0779 	EXP 	fixation: autoDraw = False
87.0946 	EXP 	grating: autoDraw = True
87.0946 	EXP 	grating: tex = 'sin'
87.3941 	EXP 	grating: autoDraw = False
87.4795 	EXP 	window1: recordFrameIntervals = False
87.4805 	DATA 	Keypress: right
87.4940 	EXP 	fixation: autoDraw = False
87.4940 	EXP 	grating: autoDraw = False
87.4942 	EXP 	window1: recordFrameIntervals = False
88.4686 	EXP 	fixation: autoDraw = True
89.4754 	EXP 	fixation: autoDraw = False
89.4922 	EXP 	grating: autoDraw = True
89.4922 	EXP 	grating: tex = 'sin'
89.7918 	EXP 	grating: autoDraw = False
89.8271 	EXP 	window1: recordFrameIntervals = False
89.8281 	DATA 	Keypress: right
89.8419 	EXP 	fixation: autoDraw = False
89.8419 	EXP 	grating: autoDraw = False
89.8421 	EXP 	window1: recordFrameIntervals = False
90.8167 	EXP 	fixation: autoDraw = True
91.8233 	EXP 	fixation: autoDraw = False
91.8401 	EXP 	grating: autoDraw = True
91.8401 	EXP 	grating: tex = 'sin'
92.1396 	EXP 	grating: autoDraw = False
92.2082 	EXP 	window1: recordFrameIntervals = False
92.2092 	DATA 	Keypress: right
92.2227 	EXP 	fixation: autoDraw = False
92.2227 	EXP 	grating: autoDraw = False
92.2229 	EXP 	window1: recordFrameIntervals = False
93.1984 	EXP 	fixation: autoDraw = True
94.2041 	EXP 	fixation: autoDraw = False
94.2211 	EXP 	grating: autoDraw = True
94.2211 	EXP 	grating: tex = 'sin'
94.5206 	EXP 	grating: autoDraw = False
94.6725 	EXP 	window1: recordFrameIntervals = False
94.6735 	DATA 	Keypress: left
94.6870 	EXP 	fixation: autoDraw = False
94.6870 	EXP 	grating: autoDraw = False
94.6872 	EXP 	window1: recordFrameIntervals = False
95.6624 	EXP 	fixation: autoDraw = True
96.6685 	EXP 	fixation: autoDraw = False
96.6852 	EXP 	grating: autoDraw = True
96.6852 	EXP 	grating: tex = 'sin'
96.9849 	EXP 	grating: autoDraw = False
97.0534 	DATA 	Keypress: left
97.0702 	EXP 	window1: recordFrameIntervals = False
97.0846 	EXP 	fixation: autoDraw = False
97.0846 	EXP 	grating: autoDraw = False
97.0847 	EXP 	window1: recordFrameIntervals = False
98.0593 	EXP 	fixation: autoDraw = True
99.0660 	EXP 	fixation: autoDraw = False
99.0830 	EXP 	grating: autoDraw = True
99.0830 	EXP 	grating: tex = 'sin'
99.3826 	EXP 	grating: autoDraw = False
99.5176 	EXP 	window1: recordFrameIntervals = False
99.5187 	DATA 	Keypress: left
99.5323 	EXP 	fixation: autoDraw = False
99.5323 	EXP 	grating: autoDraw = False
99.5325 	EXP 	window1: recordFrameIntervals = False
100.5065 	EXP 	fixation: autoDraw = True
101.5138 	EXP 	fixation: autoDraw = False
101.5304 	EXP 	grating: autoDraw = True
101.5304 	EXP 	grating: tex = 'sin'
101.8301 	EXP 	grating: autoDraw = False
101.8322 	EXP 	window1: recordFrameIntervals = False
101.8333 	DATA 	Keypress: right
101.8468 	EXP 	fixation: autoDraw = False
101.8468 	EXP 	grating: autoDraw = False
101.8470 	EXP 	window1: recordFrameIntervals = False
102.8213 	EXP 	fixation: autoDraw = True
103.8280 	EXP 	fixation: autoDraw = False
103.8450 	EXP 	grating: autoDraw = True
103.8450 	EXP 	grating: tex = 'sin'
104.1446 	EXP 	grating: autoDraw = False
104.2465 	EXP 	window1: recordFrameIntervals = False
104.2475 	DATA 	Keypress: left
104.2610 	EXP 	fixation: autoDraw = False
104.2610 	EXP 	grating: autoDraw = False
104.2612 	EXP 	window1: recordFrameIntervals = False
105.2352 	EXP 	fixation: autoDraw = True
106.2426 	EXP 	fixation: autoDraw = False
106.2592 	EXP 	grating: autoDraw = True
106.2592 	EXP 	grating: tex = 'sin'
106.5588 	EXP 	grating: autoDraw = False
106.7607 	EXP 	window1: recordFrameIntervals = False
106.7617 	DATA 	Keypress: left
106.7753 	EXP 	fixation: autoDraw = False
106.7753 	EXP 	grating: autoDraw = False
106.7755 	EXP 	window1: recordFrameIntervals = False
107.7503 	EXP 	fixation: autoDraw = True
108.7567 	EXP 	fixation: autoDraw = False
108.7735 	EXP 	grating: autoDraw = True
108.7735 	EXP 	grating: tex = 'sin'
109.0729 	EXP 	grating: autoDraw = False
109.0749 	EXP 	window1: recordFrameIntervals = False
109.0760 	DATA 	Keypress: right
109.0896 	EXP 	fixation: autoDraw = False
109.0896 	EXP 	grating: autoDraw = False
109.0898 	EXP 	window1: recordFrameIntervals = False
110.0638 	EXP 	fixation: autoDraw = True
111.0710 	EXP 	fixation: autoDraw = False
111.0878 	EXP 	grating: autoDraw = True
111.0878 	EXP 	grating: tex = 'sin'
111.3875 	EXP 	grating: autoDraw = False
111.5060 	EXP 	window1: recordFrameIntervals = False
111.5071 	DATA 	Keypress: right
111.5205 	EXP 	fixation: autoDraw = False
111.5205 	EXP 	grating: autoDraw = False
111.5207 	EXP 	window1: recordFrameIntervals = False
112.4962 	EXP 	fixation: autoDraw = True
113.5019 	EXP 	fixation: autoDraw = False
113.5188 	EXP 	grating: autoDraw = True
113.5188 	EXP 	grating: tex = 'sin'
113.8183 	EXP 	grating: autoDraw = False
113.9869 	EXP 	window1: recordFrameIntervals = False
113.9880 	DATA 	Keypress: right
114.0014 	EXP 	fixation: autoDraw = False
114.0014 	EXP 	grating: autoDraw = False
114.0016 	EXP 	window1: recordFrameIntervals = False
114.9763 	EXP 	fixation: autoDraw = True
115.9828 	EXP 	fixation: autoDraw = False
115.9996 	EXP 	grating: autoDraw = True
115.9996 	EXP 	grating: tex = 'sin'
116.2993 	EXP 	grating: autoDraw = False
116.4349 	EXP 	window1: recordFrameIntervals = False
116.4360 	DATA 	Keypress: left
116.4491 	EXP 	fixation: autoDraw = False
116.4491 	EXP 	grating: autoDraw = False
116.4493 	EXP 	window1: recordFrameIntervals = False
117.4239 	EXP 	fixation: autoDraw = True
118.4306 	EXP 	fixation: autoDraw = False
118.4472 	EXP 	grating: autoDraw = True
118.4472 	EXP 	grating: tex = 'sin'
118.7468 	EXP 	grating: autoDraw = False
118.9319 	EXP 	window1: recordFrameIntervals = False
118.9330 	DATA 	Keypress: left
118.9466 	EXP 	fixation: autoDraw = False
118.9466 	EXP 	grating: autoDraw = False
118.9468 	EXP 	window1: recordFrameIntervals = False
119.9210 	EXP 	fixation: autoDraw = True
120.9281 	EXP 	fixation: autoDraw = False
120.9449 	EXP 	grating: autoDraw = True
120.9449 	EXP 	grating: tex = 'sin'
121.2443 	EXP 	grating: autoDraw = False
121.5296 	EXP 	window1: recordFrameIntervals = False
121.5307 	DATA 	Keypress: right
121.5441 	EXP 	fixation: autoDraw = False
121.5441 	EXP 	grating: autoDraw = False
121.5443 	EXP 	window1: recordFrameIntervals = False
122.5182 	EXP 	fixation: autoDraw = True
123.5255 	EXP 	fixation: autoDraw = False
123.5422 	EXP 	grating: autoDraw = True
123.5422 	EXP 	grating: tex = 'sin'
123.8418 	EXP 	grating: autoDraw = False
123.9272 	EXP 	window1: recordFrameIntervals = False
123.9282 	DATA 	Keypress: left
123.9418 	EXP 	fixation: autoDraw = False
123.9418 	EXP 	grating: autoDraw = False
123.9420 	EXP 	window1: recordFrameIntervals = False
124.9159 	EXP 	fixation: autoDraw = True
125.9232 	EXP 	fixation: autoDraw = False
125.9398 	EXP 	grating: autoDraw = True
125.9398 	EXP 	grating: tex = 'sin'
126.2394 	EXP 	grating: autoDraw = False
126.3755 	EXP 	window1: recordFrameIntervals = False
126.3766 	DATA 	Keypress: right
126.3893 	EXP 	fixation: autoDraw = False
126.3893 	EXP 	grating: autoDraw = False
126.3895 	EXP 	window1: recordFrameIntervals = False
127.3652 	EXP 	fixation: autoDraw = True
128.3707 	EXP 	fixation: autoDraw = False
128.3874 	EXP 	grating: autoDraw = True
128.3874 	EXP 	grating: tex = 'sin'
128.6871 	EXP 	grating: autoDraw = False
128.6891 	EXP 	window1: recordFrameIntervals = False
128.6901 	DATA 	Keypress: left
128.7036 	EXP 	fixation: autoDraw = False
128.7036 	EXP 	grating: autoDraw = False
128.7038 	EXP 	window1: recordFrameIntervals = False
129.6783 	EXP 	fixation: autoDraw = True
130.6852 	EXP 	fixation: autoDraw = False
130.7020 	EXP 	grating: autoDraw = True
130.7020 	EXP 	grating: tex = 'sin'
131.0014 	EXP 	grating: autoDraw = False
131.1534 	EXP 	window1: recordFrameIntervals = False
131.1545 	DATA 	Keypress: left
131.1679 	EXP 	fixation: autoDraw = False
131.1679 	EXP 	grating: autoDraw = False
131.1680 	EXP 	window1: recordFrameIntervals = False
132.1428 	EXP 	fixation: autoDraw = True
133.1493 	EXP 	fixation: autoDraw = False
133.1661 	EXP 	grating: autoDraw = True
133.1661 	EXP 	grating: tex = 'sin'
133.4656 	EXP 	grating: autoDraw = False
133.5843 	EXP 	window1: recordFrameIntervals = False
133.5853 	DATA 	Keypress: left
133.5990 	EXP 	fixation: autoDraw = False
133.5990 	EXP 	grating: autoDraw = False
133.5991 	EXP 	window1: recordFrameIntervals = False
134.5737 	EXP 	fixation: autoDraw = True
135.5802 	EXP 	fixation: autoDraw = False
135.5970 	EXP 	grating: autoDraw = True
135.5970 	EXP 	grating: tex = 'sin'
135.8966 	EXP 	grating: autoDraw = False
135.9987 	EXP 	window1: recordFrameIntervals = False
135.9998 	DATA 	Keypress: left
136.0132 	EXP 	fixation: autoDraw = False
136.0132 	EXP 	grating: autoDraw = False
136.0133 	EXP 	window1: recordFrameIntervals = False
136.9890 	EXP 	fixation: autoDraw = True
137.9946 	EXP 	fixation: autoDraw = False
138.0115 	EXP 	grating: autoDraw = True
138.0115 	EXP 	grating: tex = 'sin'
138.3111 	EXP 	grating: autoDraw = False
138.3629 	EXP 	window1: recordFrameIntervals = False
138.3639 	DATA 	Keypress: left
138.3775 	EXP 	fixation: autoDraw = False
138.3775 	EXP 	grating: autoDraw = False
138.3777 	EXP 	window1: recordFrameIntervals = False
139.3529 	EXP 	fixation: autoDraw = True
140.3590 	EXP 	fixation: autoDraw = False
140.3757 	EXP 	grating: autoDraw = True
140.3757 	EXP 	grating: tex = 'sin'
140.6753 	EXP 	grating: autoDraw = False
140.7439 	EXP 	window1: recordFrameIntervals = False
140.7450 	DATA 	Keypress: left
140.7586 	EXP 	fixation: autoDraw = False
140.7586 	EXP 	grating: autoDraw = False
140.7588 	EXP 	window1: recordFrameIntervals = False
141.7332 	EXP 	fixation: autoDraw = True
142.7399 	EXP 	fixation: autoDraw = False
142.7568 	EXP 	grating: autoDraw = True
142.7568 	EXP 	grating: tex = 'sin'
143.0563 	EXP 	grating: autoDraw = False
143.2084 	EXP 	window1: recordFrameIntervals = False
143.2095 	DATA 	Keypress: right
143.2228 	EXP 	fixation: autoDraw = False
143.2228 	EXP 	grating: autoDraw = False
143.2229 	EXP 	window1: recordFrameIntervals = False
144.1977 	EXP 	fixation: autoDraw = True
145.2041 	EXP 	fixation: autoDraw = False
145.2211 	EXP 	grating: autoDraw = True
145.2211 	EXP 	grating: tex = 'sin'
145.5206 	EXP 	grating: autoDraw = False
145.6891 	EXP 	window1: recordFrameIntervals = False
145.6902 	DATA 	Keypress: left
145.7037 	EXP 	fixation: autoDraw = False
145.7037 	EXP 	grating: autoDraw = False
145.7039 	EXP 	window1: recordFrameIntervals = False
146.6780 	EXP 	fixation: autoDraw = True
147.6850 	EXP 	fixation: autoDraw = False
147.7019 	EXP 	grating: autoDraw = True
147.7019 	EXP 	grating: tex = 'sin'
148.0015 	EXP 	grating: autoDraw = False
148.1865 	EXP 	window1: recordFrameIntervals = False
148.1875 	DATA 	Keypress: left
148.2014 	EXP 	fixation: autoDraw = False
148.2014 	EXP 	grating: autoDraw = False
148.2016 	EXP 	window1: recordFrameIntervals = False
149.1770 	EXP 	fixation: autoDraw = True
150.1826 	EXP 	fixation: autoDraw = False
150.1996 	EXP 	grating: autoDraw = True
150.1996 	EXP 	grating: tex = 'sin'
150.4989 	EXP 	grating: autoDraw = False
150.5677 	EXP 	window1: recordFrameIntervals = False
150.5687 	DATA 	Keypress: right
150.5823 	EXP 	fixation: autoDraw = False
150.5823 	EXP 	grating: autoDraw = False
150.5825 	EXP 	window1: recordFrameIntervals = False
151.5572 	EXP 	fixation: autoDraw = True
152.5637 	EXP 	fixation: autoDraw = False
152.5804 	EXP 	grating: autoDraw = True
152.5804 	EXP 	grating: tex = 'sin'
152.8799 	EXP 	grating: autoDraw = False
152.9653 	EXP 	window1: recordFrameIntervals = False
152.9663 	DATA 	Keypress: left
152.9799 	EXP 	fixation: autoDraw = False
152.9799 	EXP 	grating: autoDraw = False
152.9801 	EXP 	window1: recordFrameIntervals = False
153.9555 	EXP 	fixation: autoDraw = True
154.9613 	EXP 	fixation: autoDraw = False
154.9781 	EXP 	grating: autoDraw = True
154.9781 	EXP 	grating: tex = 'sin'
155.2776 	EXP 	grating: autoDraw = False
155.3796 	EXP 	window1: recordFrameIntervals = False
155.3807 	DATA 	Keypress: right
155.3942 	EXP 	fixation: autoDraw = False
155.3942 	EXP 	grating: autoDraw = False
155.3943 	EXP 	window1: recordFrameIntervals = False
156.3691 	EXP 	fixation: autoDraw = True
157.3757 	EXP 	fixation: autoDraw = False
157.3925 	EXP 	grating: autoDraw = True
157.3925 	EXP 	grating: tex = 'sin'
157.6921 	EXP 	grating: autoDraw = False
157.9105 	EXP 	window1: recordFrameIntervals = False
157.9115 	DATA 	Keypress: right
157.9251 	EXP 	fixation: autoDraw = False
157.9251 	EXP 	grating: autoDraw = False
157.9253 	EXP 	window1: recordFrameIntervals = False
158.8997 	EXP 	fixation: autoDraw = True
159.9064 	EXP 	fixation: autoDraw = False
159.9232 	EXP 	grating: autoDraw = True
159.9232 	EXP 	grating: tex = 'sin'
160.2228 	EXP 	grating: autoDraw = False
160.4247 	EXP 	window1: recordFrameIntervals = False
160.4257 	DATA 	Keypress: right
160.4392 	EXP 	fixation: autoDraw = False
160.4392 	EXP 	grating: autoDraw = False
160.4395 	EXP 	window1: recordFrameIntervals = False
161.4142 	EXP 	fixation: autoDraw = True
162.4206 	EXP 	fixation: autoDraw = False
162.4375 	EXP 	grating: autoDraw = True
162.4375 	EXP 	grating: tex = 'sin'
162.7370 	EXP 	grating: autoDraw = False
163.0388 	EXP 	window1: recordFrameIntervals = False
163.0398 	DATA 	Keypress: left
163.0533 	EXP 	fixation: autoDraw = False
163.0533 	EXP 	grating: autoDraw = False
163.0535 	EXP 	window1: recordFrameIntervals = False
164.0289 	EXP 	fixation: autoDraw = True
165.0347 	EXP 	fixation: autoDraw = False
165.0515 	EXP 	grating: autoDraw = True
165.0515 	EXP 	grating: tex = 'sin'
165.3512 	EXP 	grating: autoDraw = False
165.4530 	EXP 	window1: recordFrameIntervals = False
165.4540 	DATA 	Keypress: left
165.4676 	EXP 	fixation: autoDraw = False
165.4676 	EXP 	grating: autoDraw = False
165.4678 	EXP 	window1: recordFrameIntervals = False
166.4418 	EXP 	fixation: autoDraw = True
167.4491 	EXP 	fixation: autoDraw = False
167.4659 	EXP 	grating: autoDraw = True
167.4659 	EXP 	grating: tex = 'sin'
167.7655 	EXP 	grating: autoDraw = False
167.9173 	EXP 	window1: recordFrameIntervals = False
167.9183 	DATA 	Keypress: right
167.9321 	EXP 	fixation: autoDraw = False
167.9321 	EXP 	grating: autoDraw = False
167.9323 	EXP 	window1: recordFrameIntervals = False
168.9071 	EXP 	fixation: autoDraw = True
169.9134 	EXP 	fixation: autoDraw = False
169.9302 	EXP 	grating: autoDraw = True
169.9302 	EXP 	grating: tex = 'sin'
170.2297 	EXP 	grating: autoDraw = False
170.2651 	EXP 	window1: recordFrameIntervals = False
170.2662 	DATA 	Keypress: right
170.2796 	EXP 	fixation: autoDraw = False
170.2796 	EXP 	grating: autoDraw = False
170.2798 	EXP 	window1: recordFrameIntervals = False
171.2547 	EXP 	fixation: autoDraw = True
172.2609 	EXP 	fixation: autoDraw = False
172.2779 	EXP 	grating: autoDraw = True
172.2779 	EXP 	grating: tex = 'sin'
172.5463 	EXP 	window1: recordFrameIntervals = False
172.5474 	DATA 	Keypress: right
172.5608 	EXP 	fixation: autoDraw = False
172.5608 	EXP 	grating: autoDraw = False
172.5610 	EXP 	window1: recordFrameIntervals = False
173.5362 	EXP 	fixation: autoDraw = True
174.5421 	EXP 	fixation: autoDraw = False
174.5590 	EXP 	grating: autoDraw = True
174.5590 	EXP 	grating: tex = 'sin'
174.8584 	EXP 	grating: autoDraw = False
175.1602 	EXP 	window1: recordFrameIntervals = False
175.1612 	DATA 	Keypress: left
175.1747 	EXP 	fixation: autoDraw = False
175.1747 	EXP 	grating: autoDraw = False
175.1750 	EXP 	window1: recordFrameIntervals = False
176.1497 	EXP 	fixation: autoDraw = True
177.1564 	EXP 	fixation: autoDraw = False
177.1731 	EXP 	grating: autoDraw = True
177.1731 	EXP 	grating: tex = 'sin'
177.4727 	EXP 	grating: autoDraw = False
177.5247 	EXP 	window1: recordFrameIntervals = False
177.5257 	DATA 	Keypress: left
177.5394 	EXP 	fixation: autoDraw = False
177.5394 	EXP 	grating: autoDraw = False
177.5396 	EXP 	window1: recordFrameIntervals = False
178.5145 	EXP 	fixation: autoDraw = True
179.5206 	EXP 	fixation: autoDraw = False
179.5373 	EXP 	grating: autoDraw = True
179.5373 	EXP 	grating: tex = 'sin'
179.8369 	EXP 	grating: autoDraw = False
180.0054 	EXP 	window1: recordFrameIntervals = False
180.0065 	DATA 	Keypress: right
180.0201 	EXP 	fixation: autoDraw = False
180.0201 	EXP 	grating: autoDraw = False
180.0203 	EXP 	window1: recordFrameIntervals = False
180.7895 	DATA 	Keypress: right
180.9946 	EXP 	fixation: autoDraw = True
182.0015 	EXP 	fixation: autoDraw = False
182.0184 	EXP 	grating: autoDraw = True
182.0184 	EXP 	grating: tex = 'sin'
182.3179 	EXP 	grating: autoDraw = False
182.4532 	EXP 	window1: recordFrameIntervals = False
182.4542 	DATA 	Keypress: right
182.4677 	EXP 	fixation: autoDraw = False
182.4677 	EXP 	grating: autoDraw = False
182.4678 	EXP 	window1: recordFrameIntervals = False
183.4424 	EXP 	fixation: autoDraw = True
184.4490 	EXP 	fixation: autoDraw = False
184.4658 	EXP 	grating: autoDraw = True
184.4658 	EXP 	grating: tex = 'sin'
184.7654 	EXP 	grating: autoDraw = False
184.9840 	EXP 	window1: recordFrameIntervals = False
184.9850 	DATA 	Keypress: left
184.9985 	EXP 	fixation: autoDraw = False
184.9985 	EXP 	grating: autoDraw = False
184.9987 	EXP 	window1: recordFrameIntervals = False
185.9736 	EXP 	fixation: autoDraw = True
186.9798 	EXP 	fixation: autoDraw = False
186.9968 	EXP 	grating: autoDraw = True
186.9968 	EXP 	grating: tex = 'sin'
187.2962 	EXP 	grating: autoDraw = False
187.4980 	EXP 	window1: recordFrameIntervals = False
187.4990 	DATA 	Keypress: left
187.5127 	EXP 	fixation: autoDraw = False
187.5127 	EXP 	grating: autoDraw = False
187.5128 	EXP 	window1: recordFrameIntervals = False
188.4880 	EXP 	fixation: autoDraw = True
189.4941 	EXP 	fixation: autoDraw = False
189.5109 	EXP 	grating: autoDraw = True
189.5109 	EXP 	grating: tex = 'sin'
189.8106 	EXP 	grating: autoDraw = False
189.8299 	EXP 	window1: recordFrameIntervals = False
189.8310 	DATA 	Keypress: right
189.8438 	EXP 	fixation: autoDraw = False
189.8438 	EXP 	grating: autoDraw = False
189.8440 	EXP 	window1: recordFrameIntervals = False
190.8196 	EXP 	fixation: autoDraw = True
191.8253 	EXP 	fixation: autoDraw = False
191.8420 	EXP 	grating: autoDraw = True
191.8420 	EXP 	grating: tex = 'sin'
192.1415 	EXP 	grating: autoDraw = False
192.2436 	EXP 	window1: recordFrameIntervals = False
192.2446 	DATA 	Keypress: left
192.2581 	EXP 	fixation: autoDraw = False
192.2581 	EXP 	grating: autoDraw = False
192.2583 	EXP 	window1: recordFrameIntervals = False
193.2330 	EXP 	fixation: autoDraw = True
194.2395 	EXP 	fixation: autoDraw = False
194.2562 	EXP 	grating: autoDraw = True
194.2562 	EXP 	grating: tex = 'sin'
194.5557 	EXP 	grating: autoDraw = False
194.7744 	EXP 	window1: recordFrameIntervals = False
194.7771 	DATA 	Keypress: left
194.7889 	EXP 	fixation: autoDraw = False
194.7889 	EXP 	grating: autoDraw = False
194.7891 	EXP 	window1: recordFrameIntervals = False
195.7637 	EXP 	fixation: autoDraw = True
196.7703 	EXP 	fixation: autoDraw = False
196.7872 	EXP 	grating: autoDraw = True
196.7872 	EXP 	grating: tex = 'sin'
197.0868 	EXP 	grating: autoDraw = False
197.2719 	EXP 	window1: recordFrameIntervals = False
197.2730 	DATA 	Keypress: right
197.2864 	EXP 	fixation: autoDraw = False
197.2864 	EXP 	grating: autoDraw = False
197.2866 	EXP 	window1: recordFrameIntervals = False
198.2617 	EXP 	fixation: autoDraw = True
199.2678 	EXP 	fixation: autoDraw = False
199.2848 	EXP 	grating: autoDraw = True
199.2848 	EXP 	grating: tex = 'sin'
199.5843 	EXP 	grating: autoDraw = False
199.7861 	EXP 	window1: recordFrameIntervals = False
199.7871 	DATA 	Keypress: left
199.8006 	EXP 	fixation: autoDraw = False
199.8006 	EXP 	grating: autoDraw = False
199.8008 	EXP 	window1: recordFrameIntervals = False
200.7757 	EXP 	fixation: autoDraw = True
201.7820 	EXP 	fixation: autoDraw = False
201.7990 	EXP 	grating: autoDraw = True
201.7990 	EXP 	grating: tex = 'sin'
202.0983 	EXP 	grating: autoDraw = False
202.3336 	EXP 	window1: recordFrameIntervals = False
202.3347 	DATA 	Keypress: left
202.3481 	EXP 	fixation: autoDraw = False
202.3481 	EXP 	grating: autoDraw = False
202.3483 	EXP 	window1: recordFrameIntervals = False
203.3233 	EXP 	fixation: autoDraw = True
204.3296 	EXP 	fixation: autoDraw = False
204.3465 	EXP 	grating: autoDraw = True
204.3465 	EXP 	grating: tex = 'sin'
204.6461 	EXP 	grating: autoDraw = False
204.6482 	EXP 	window1: recordFrameIntervals = False
204.6493 	DATA 	Keypress: right
204.6625 	EXP 	fixation: autoDraw = False
204.6625 	EXP 	grating: autoDraw = False
204.6627 	EXP 	window1: recordFrameIntervals = False
205.6379 	EXP 	fixation: autoDraw = True
206.6439 	EXP 	fixation: autoDraw = False
206.6607 	EXP 	grating: autoDraw = True
206.6607 	EXP 	grating: tex = 'sin'
206.9603 	EXP 	grating: autoDraw = False
207.1788 	EXP 	window1: recordFrameIntervals = False
207.1799 	DATA 	Keypress: left
207.1934 	EXP 	fixation: autoDraw = False
207.1934 	EXP 	grating: autoDraw = False
207.1936 	EXP 	window1: recordFrameIntervals = False
208.1683 	EXP 	fixation: autoDraw = True
209.1748 	EXP 	fixation: autoDraw = False
209.1916 	EXP 	grating: autoDraw = True
209.1916 	EXP 	grating: tex = 'sin'
209.4911 	EXP 	grating: autoDraw = False
209.6771 	EXP 	window1: recordFrameIntervals = False
209.6782 	DATA 	Keypress: right
209.6910 	EXP 	fixation: autoDraw = False
209.6910 	EXP 	grating: autoDraw = False
209.6912 	EXP 	window1: recordFrameIntervals = False
210.6662 	EXP 	fixation: autoDraw = True
211.6724 	EXP 	fixation: autoDraw = False
211.6893 	EXP 	grating: autoDraw = True
211.6893 	EXP 	grating: tex = 'sin'
211.9888 	EXP 	grating: autoDraw = False
212.3406 	EXP 	window1: recordFrameIntervals = False
212.3417 	DATA 	Keypress: left
212.3550 	EXP 	fixation: autoDraw = False
212.3550 	EXP 	grating: autoDraw = False
212.3552 	EXP 	window1: recordFrameIntervals = False
213.3300 	EXP 	fixation: autoDraw = True
214.3364 	EXP 	fixation: autoDraw = False
214.3532 	EXP 	grating: autoDraw = True
214.3532 	EXP 	grating: tex = 'sin'
214.5882 	EXP 	window1: recordFrameIntervals = False
214.5893 	DATA 	Keypress: right
214.6028 	EXP 	fixation: autoDraw = False
214.6028 	EXP 	grating: autoDraw = False
214.6030 	EXP 	window1: recordFrameIntervals = False
215.5785 	EXP 	fixation: autoDraw = True
216.5843 	EXP 	fixation: autoDraw = False
216.6010 	EXP 	grating: autoDraw = True
216.6010 	EXP 	grating: tex = 'sin'
216.9006 	EXP 	grating: autoDraw = False
217.1199 	EXP 	window1: recordFrameIntervals = False
217.1209 	DATA 	Keypress: right
217.1337 	EXP 	fixation: autoDraw = False
217.1337 	EXP 	grating: autoDraw = False
217.1338 	EXP 	window1: recordFrameIntervals = False
218.1092 	EXP 	fixation: autoDraw = True
219.1152 	EXP 	fixation: autoDraw = False
219.1320 	EXP 	grating: autoDraw = True
219.1320 	EXP 	grating: tex = 'sin'
219.4314 	EXP 	grating: autoDraw = False
219.6167 	EXP 	window1: recordFrameIntervals = False
219.6178 	DATA 	Keypress: left
219.6312 	EXP 	fixation: autoDraw = False
219.6312 	EXP 	grating: autoDraw = False
219.6314 	EXP 	window1: recordFrameIntervals = False
220.6059 	EXP 	fixation: autoDraw = True
221.6126 	EXP 	fixation: autoDraw = False
221.6295 	EXP 	grating: autoDraw = True
221.6295 	EXP 	grating: tex = 'sin'
221.9291 	EXP 	grating: autoDraw = False
222.1476 	EXP 	window1: recordFrameIntervals = False
222.1488 	DATA 	Keypress: right
222.1621 	EXP 	fixation: autoDraw = False
222.1621 	EXP 	grating: autoDraw = False
222.1623 	EXP 	window1: recordFrameIntervals = False
223.1370 	EXP 	fixation: autoDraw = True
224.1434 	EXP 	fixation: autoDraw = False
224.1602 	EXP 	grating: autoDraw = True
224.1602 	EXP 	grating: tex = 'sin'
224.4600 	EXP 	grating: autoDraw = False
224.5954 	EXP 	window1: recordFrameIntervals = False
224.5965 	DATA 	Keypress: left
224.6097 	EXP 	fixation: autoDraw = False
224.6097 	EXP 	grating: autoDraw = False
224.6099 	EXP 	window1: recordFrameIntervals = False
225.5852 	EXP 	fixation: autoDraw = True
226.5912 	EXP 	fixation: autoDraw = False
226.6080 	EXP 	grating: autoDraw = True
226.6080 	EXP 	grating: tex = 'sin'
226.9075 	EXP 	grating: autoDraw = False
227.2261 	EXP 	window1: recordFrameIntervals = False
227.2272 	DATA 	Keypress: right
227.2405 	EXP 	fixation: autoDraw = False
227.2405 	EXP 	grating: autoDraw = False
227.2407 	EXP 	window1: recordFrameIntervals = False
228.2150 	EXP 	fixation: autoDraw = True
229.2218 	EXP 	fixation: autoDraw = False
229.2387 	EXP 	grating: autoDraw = True
229.2387 	EXP 	grating: tex = 'sin'
229.5383 	EXP 	grating: autoDraw = False
229.5901 	EXP 	window1: recordFrameIntervals = False
229.5912 	DATA 	Keypress: left
229.6048 	EXP 	fixation: autoDraw = False
229.6048 	EXP 	grating: autoDraw = False
229.6050 	EXP 	window1: recordFrameIntervals = False
230.5797 	EXP 	fixation: autoDraw = True
231.5862 	EXP 	fixation: autoDraw = False
231.6029 	EXP 	grating: autoDraw = True
231.6029 	EXP 	grating: tex = 'sin'
231.9025 	EXP 	grating: autoDraw = False
232.2209 	EXP 	window1: recordFrameIntervals = False
232.2220 	DATA 	Keypress: left
232.2357 	EXP 	fixation: autoDraw = False
232.2357 	EXP 	grating: autoDraw = False
232.2359 	EXP 	window1: recordFrameIntervals = False
233.2112 	EXP 	fixation: autoDraw = True
234.2170 	EXP 	fixation: autoDraw = False
234.2337 	EXP 	grating: autoDraw = True
234.2337 	EXP 	grating: tex = 'sin'
234.5334 	EXP 	grating: autoDraw = False
234.5686 	EXP 	window1: recordFrameIntervals = False
234.5697 	DATA 	Keypress: left
234.5832 	EXP 	fixation: autoDraw = False
234.5832 	EXP 	grating: autoDraw = False
234.5834 	EXP 	window1: recordFrameIntervals = False
235.5582 	EXP 	fixation: autoDraw = True
236.5645 	EXP 	fixation: autoDraw = False
236.5814 	EXP 	grating: autoDraw = True
236.5814 	EXP 	grating: tex = 'sin'
236.8810 	EXP 	grating: autoDraw = False
237.0495 	EXP 	window1: recordFrameIntervals = False
237.0505 	DATA 	Keypress: right
237.0642 	EXP 	fixation: autoDraw = False
237.0642 	EXP 	grating: autoDraw = False
237.0644 	EXP 	window1: recordFrameIntervals = False
238.0389 	EXP 	fixation: autoDraw = True
239.0456 	EXP 	fixation: autoDraw = False
239.0624 	EXP 	grating: autoDraw = True
239.0624 	EXP 	grating: tex = 'sin'
239.3619 	EXP 	grating: autoDraw = False
239.4472 	EXP 	window1: recordFrameIntervals = False
239.4483 	DATA 	Keypress: left
239.4619 	EXP 	fixation: autoDraw = False
239.4619 	EXP 	grating: autoDraw = False
239.4621 	EXP 	window1: recordFrameIntervals = False
240.4363 	EXP 	fixation: autoDraw = True
241.4431 	EXP 	fixation: autoDraw = False
241.4600 	EXP 	grating: autoDraw = True
241.4600 	EXP 	grating: tex = 'sin'
241.6785 	EXP 	window1: recordFrameIntervals = False
241.6796 	DATA 	Keypress: right
241.6930 	EXP 	fixation: autoDraw = False
241.6930 	EXP 	grating: autoDraw = False
241.6932 	EXP 	window1: recordFrameIntervals = False
242.6676 	EXP 	fixation: autoDraw = True
243.6744 	EXP 	fixation: autoDraw = False
243.6911 	EXP 	grating: autoDraw = True
243.6911 	EXP 	grating: tex = 'sin'
243.9907 	EXP 	grating: autoDraw = False
244.0927 	EXP 	window1: recordFrameIntervals = False
244.0937 	DATA 	Keypress: left
244.1072 	EXP 	fixation: autoDraw = False
244.1072 	EXP 	grating: autoDraw = False
244.1074 	EXP 	window1: recordFrameIntervals = False
245.0822 	EXP 	fixation: autoDraw = True
246.0886 	EXP 	fixation: autoDraw = False
246.1055 	EXP 	grating: autoDraw = True
246.1055 	EXP 	grating: tex = 'sin'
246.4050 	EXP 	grating: autoDraw = False
246.4570 	EXP 	window1: recordFrameIntervals = False
246.4580 	DATA 	Keypress: left
246.4717 	EXP 	fixation: autoDraw = False
246.4717 	EXP 	grating: autoDraw = False
246.4719 	EXP 	window1: recordFrameIntervals = False
247.4457 	EXP 	fixation: autoDraw = True
248.4530 	EXP 	fixation: autoDraw = False
248.4699 	EXP 	grating: autoDraw = True
248.4699 	EXP 	grating: tex = 'sin'
248.7693 	EXP 	grating: autoDraw = False
249.0876 	EXP 	window1: recordFrameIntervals = False
249.0887 	DATA 	Keypress: right
249.1023 	EXP 	fixation: autoDraw = False
249.1023 	EXP 	grating: autoDraw = False
249.1025 	EXP 	window1: recordFrameIntervals = False
250.0778 	EXP 	fixation: autoDraw = True
251.0837 	EXP 	fixation: autoDraw = False
251.1004 	EXP 	grating: autoDraw = True
251.1004 	EXP 	grating: tex = 'sin'
251.4001 	EXP 	grating: autoDraw = False
251.5187 	EXP 	window1: recordFrameIntervals = False
251.5198 	DATA 	Keypress: right
251.5332 	EXP 	fixation: autoDraw = False
251.5332 	EXP 	grating: autoDraw = False
251.5334 	EXP 	window1: recordFrameIntervals = False
252.5080 	EXP 	fixation: autoDraw = True
253.5146 	EXP 	fixation: autoDraw = False
253.5316 	EXP 	grating: autoDraw = True
253.5316 	EXP 	grating: tex = 'sin'
253.8310 	EXP 	grating: autoDraw = False
254.0000 	EXP 	window1: recordFrameIntervals = False
254.0010 	DATA 	Keypress: left
254.0143 	EXP 	fixation: autoDraw = False
254.0143 	EXP 	grating: autoDraw = False
254.0145 	EXP 	window1: recordFrameIntervals = False
254.9885 	EXP 	fixation: autoDraw = True
255.9957 	EXP 	fixation: autoDraw = False
256.0123 	EXP 	grating: autoDraw = True
256.0123 	EXP 	grating: tex = 'sin'
256.3121 	EXP 	grating: autoDraw = False
256.3806 	EXP 	window1: recordFrameIntervals = False
256.3816 	DATA 	Keypress: right
256.3952 	EXP 	fixation: autoDraw = False
256.3952 	EXP 	grating: autoDraw = False
256.3953 	EXP 	window1: recordFrameIntervals = False
257.3706 	EXP 	fixation: autoDraw = True
258.3765 	EXP 	fixation: autoDraw = False
258.3935 	EXP 	grating: autoDraw = True
258.3935 	EXP 	grating: tex = 'sin'
258.6931 	EXP 	grating: autoDraw = False
258.8613 	EXP 	window1: recordFrameIntervals = False
258.8624 	DATA 	Keypress: left
258.8762 	EXP 	fixation: autoDraw = False
258.8762 	EXP 	grating: autoDraw = False
258.8764 	EXP 	window1: recordFrameIntervals = False
259.8502 	EXP 	fixation: autoDraw = True
260.8576 	EXP 	fixation: autoDraw = False
260.8745 	EXP 	grating: autoDraw = True
260.8745 	EXP 	grating: tex = 'sin'
261.1427 	EXP 	window1: recordFrameIntervals = False
261.1438 	DATA 	Keypress: right
261.1571 	EXP 	fixation: autoDraw = False
261.1571 	EXP 	grating: autoDraw = False
261.1573 	EXP 	window1: recordFrameIntervals = False
262.1325 	EXP 	fixation: autoDraw = True
263.1387 	EXP 	fixation: autoDraw = False
263.1553 	EXP 	grating: autoDraw = True
263.1553 	EXP 	grating: tex = 'sin'
263.4550 	EXP 	grating: autoDraw = False
263.6069 	EXP 	window1: recordFrameIntervals = False
263.6080 	DATA 	Keypress: right
263.6216 	EXP 	fixation: autoDraw = False
263.6216 	EXP 	grating: autoDraw = False
263.6217 	EXP 	window1: recordFrameIntervals = False
264.5966 	EXP 	fixation: autoDraw = True
265.6028 	EXP 	fixation: autoDraw = False
265.6195 	EXP 	grating: autoDraw = True
265.6195 	EXP 	grating: tex = 'sin'
265.9193 	EXP 	grating: autoDraw = False
266.0878 	EXP 	window1: recordFrameIntervals = False
266.0889 	DATA 	Keypress: right
266.1024 	EXP 	fixation: autoDraw = False
266.1024 	EXP 	grating: autoDraw = False
266.1026 	EXP 	window1: recordFrameIntervals = False
267.0773 	EXP 	fixation: autoDraw = True
268.0836 	EXP 	fixation: autoDraw = False
268.1008 	EXP 	grating: autoDraw = True
268.1008 	EXP 	grating: tex = 'sin'
268.4001 	EXP 	grating: autoDraw = False
268.8682 	EXP 	window1: recordFrameIntervals = False
268.8693 	DATA 	Keypress: left
268.8828 	EXP 	fixation: autoDraw = False
268.8828 	EXP 	grating: autoDraw = False
268.8830 	EXP 	window1: recordFrameIntervals = False
269.8577 	EXP 	fixation: autoDraw = True
270.8643 	EXP 	fixation: autoDraw = False
270.8813 	EXP 	grating: autoDraw = True
270.8813 	EXP 	grating: tex = 'sin'
271.1807 	EXP 	grating: autoDraw = False
271.3492 	DATA 	Keypress: left
271.3640 	EXP 	fixation: autoDraw = False
271.3640 	EXP 	grating: autoDraw = False
271.5066 	EXP 	window1: mouseVisible = True
